<?xml version="1.0" encoding="utf-8"?><testsuites name="pytest tests"><testsuite name="pytest" errors="0" failures="1" skipped="0" tests="37" time="7.261" timestamp="2026-08-23T11:37:30.986499+00:00" hostname="agent-env-d0ea12c1-de84-49e7-8063-190e2bcfc9c8"><testcase classname="tests.test_foodu_api" name="test_root_ok" time="0.132" /><testcase classname="tests.test_new_features" name="test_feed_image_category_matching" time="0.127" /><testcase classname="tests.test_new_features" name="test_feed_dessert_never_paneer" time="0.254" /><testcase classname="tests.test_foodu_api" name="test_diet_plan" time="0.127" /><testcase classname="tests.test_foodu_api" name="test_chat_alcohol_hinglish" time="0.044" /><testcase classname="tests.test_foodu_api" name="test_chat_meal_english" time="0.048" /><testcase classname="tests.test_foodu_api" name="test_chat_general" time="0.041" /><testcase classname="tests.test_new_features" name="test_coach_hinglish_and_multiturn" time="2.837" /><testcase classname="tests.test_foodu_api" name="test_feed" time="0.457" /><testcase classname="tests.test_foodu_api" name="test_register_duplicate" time="0.314" /><testcase classname="tests.test_foodu_api" name="test_login_ok" time="0.264" /><testcase classname="tests.test_foodu_api" name="test_login_wrong_password" time="0.265" /><testcase classname="tests.test_foodu_api" name="test_me" time="0.045" /><testcase classname="tests.test_foodu_api" name="test_profile_update" time="0.045" /><testcase classname="tests.test_foodu_api" name="test_admin_login" time="0.263" /><testcase classname="tests.test_foodu_api" name="test_logs_unauth" time="0.041" /><testcase classname="tests.test_foodu_api" name="test_logs_crud" time="0.215" /><testcase classname="tests.test_plate_index" name="test_feed_returns_12_with_seed" time="0.125" /><testcase classname="tests.test_plate_index" name="test_feed_different_seeds_produce_different_sets" time="0.104" /><testcase classname="tests.test_plate_index" name="test_feed_same_seed_deterministic" time="0.091" /><testcase classname="tests.test_plate_index" name="test_foods_search_paneer" time="0.048" /><testcase classname="tests.test_plate_index" name="test_foods_search_short_query" time="0.047" /><testcase classname="tests.test_plate_index" name="test_foods_search_no_match" time="0.049" /><testcase classname="tests.test_plate_index" name="test_foods_search_empty" time="0.048" /><testcase classname="tests.test_new_features" name="test_coach_english" time="1.173" /><testcase classname="tests.test_new_features" name="test_coach_alcohol_calories" time="0.921" /><testcase classname="tests.test_new_features" name="test_diet_swap_lunch" time="0.048"><failure message="AssertionError: 70.4&#10;assert 100 &lt;= 70.4">backend/tests/test_new_features.py:176: in test_diet_swap_lunch
    assert 100 &lt;= d["energy"] &lt;= 800, d["energy"]
E   AssertionError: 70.4
E   assert 100 &lt;= 70.4</failure></testcase><testcase classname="tests.test_new_features" name="test_plans_unauth" time="0.042" /><testcase classname="tests.test_new_features" name="test_plans_crud" time="0.474" /><testcase classname="tests.test_new_features" name="test_trend_unauth" time="0.044" /><testcase classname="tests.test_new_features" name="test_trend_after_log" time="0.133" /><testcase classname="tests.test_new_features" name="test_reactions_unauth" time="0.056" /><testcase classname="tests.test_new_features" name="test_reactions_invalid_type" time="0.043" /><testcase classname="tests.test_new_features" name="test_reactions_like_bookmark_toggle_and_list" time="0.268" /><testcase classname="tests.test_new_features" name="test_admin_users_as_admin" time="0.309" /><testcase classname="tests.test_new_features" name="test_admin_users_non_admin_forbidden" time="0.044" /><testcase classname="tests.test_new_features" name="test_admin_users_unauth" time="0.075" /></testsuite></testsuites>