<?xml version="1.0" encoding="utf-8"?><testsuites name="pytest tests"><testsuite name="pytest" errors="0" failures="0" skipped="0" tests="30" time="7.598" timestamp="2026-08-23T11:23:29.734206+00:00" hostname="agent-env-d0ea12c1-de84-49e7-8063-190e2bcfc9c8"><testcase classname="tests.test_new_features" name="test_feed_image_category_matching" time="0.186" /><testcase classname="tests.test_foodu_api" name="test_root_ok" time="0.182" /><testcase classname="tests.test_new_features" name="test_feed_dessert_never_paneer" time="0.616" /><testcase classname="tests.test_foodu_api" name="test_diet_plan" time="0.118" /><testcase classname="tests.test_foodu_api" name="test_chat_alcohol_hinglish" time="0.046" /><testcase classname="tests.test_foodu_api" name="test_chat_meal_english" time="0.052" /><testcase classname="tests.test_foodu_api" name="test_chat_general" time="0.046" /><testcase classname="tests.test_foodu_api" name="test_feed" time="0.052" /><testcase classname="tests.test_foodu_api" name="test_register_duplicate" time="0.883" /><testcase classname="tests.test_new_features" name="test_coach_hinglish_and_multiturn" time="2.509" /><testcase classname="tests.test_foodu_api" name="test_login_ok" time="0.272" /><testcase classname="tests.test_foodu_api" name="test_login_wrong_password" time="0.267" /><testcase classname="tests.test_foodu_api" name="test_me" time="0.054" /><testcase classname="tests.test_foodu_api" name="test_profile_update" time="0.048" /><testcase classname="tests.test_foodu_api" name="test_admin_login" time="0.269" /><testcase classname="tests.test_foodu_api" name="test_logs_unauth" time="0.046" /><testcase classname="tests.test_foodu_api" name="test_logs_crud" time="0.250" /><testcase classname="tests.test_new_features" name="test_coach_english" time="1.289" /><testcase classname="tests.test_new_features" name="test_coach_alcohol_calories" time="0.906" /><testcase classname="tests.test_new_features" name="test_diet_swap_lunch" time="0.051" /><testcase classname="tests.test_new_features" name="test_plans_unauth" time="0.047" /><testcase classname="tests.test_new_features" name="test_plans_crud" time="0.489" /><testcase classname="tests.test_new_features" name="test_trend_unauth" time="0.046" /><testcase classname="tests.test_new_features" name="test_trend_after_log" time="0.145" /><testcase classname="tests.test_new_features" name="test_reactions_unauth" time="0.047" /><testcase classname="tests.test_new_features" name="test_reactions_invalid_type" time="0.048" /><testcase classname="tests.test_new_features" name="test_reactions_like_bookmark_toggle_and_list" time="0.291" /><testcase classname="tests.test_new_features" name="test_admin_users_as_admin" time="0.316" /><testcase classname="tests.test_new_features" name="test_admin_users_non_admin_forbidden" time="0.047" /><testcase classname="tests.test_new_features" name="test_admin_users_unauth" time="0.049" /></testsuite></testsuites>