<?xml version="1.0" encoding="utf-8"?><testsuites name="pytest tests"><testsuite name="pytest" errors="0" failures="0" skipped="0" tests="14" time="2.392" timestamp="2026-08-23T10:36:11.587730+00:00" hostname="agent-env-d0ea12c1-de84-49e7-8063-190e2bcfc9c8"><testcase classname="tests.test_foodu_api" name="test_root_ok" time="0.134" /><testcase classname="tests.test_foodu_api" name="test_diet_plan" time="0.060" /><testcase classname="tests.test_foodu_api" name="test_chat_alcohol_hinglish" time="0.046" /><testcase classname="tests.test_foodu_api" name="test_chat_meal_english" time="0.049" /><testcase classname="tests.test_foodu_api" name="test_chat_general" time="0.049" /><testcase classname="tests.test_foodu_api" name="test_feed" time="0.047" /><testcase classname="tests.test_foodu_api" name="test_register_duplicate" time="0.324" /><testcase classname="tests.test_foodu_api" name="test_login_ok" time="0.271" /><testcase classname="tests.test_foodu_api" name="test_login_wrong_password" time="0.269" /><testcase classname="tests.test_foodu_api" name="test_me" time="0.046" /><testcase classname="tests.test_foodu_api" name="test_profile_update" time="0.047" /><testcase classname="tests.test_foodu_api" name="test_admin_login" time="0.269" /><testcase classname="tests.test_foodu_api" name="test_logs_unauth" time="0.044" /><testcase classname="tests.test_foodu_api" name="test_logs_crud" time="0.180" /></testsuite></testsuites>